This is XeTeX, Version 3.14159265-2.6-0.99999 (MiKTeX 2.9.6600 64-bit) (preloaded format=xelatex 2018.2.21)  21 FEB 2018 21:05
entering extended mode
**./tex2pdf.10160/input.tex
(tex2pdf.10160/input.tex
LaTeX2e <2017-04-15>
Babel <3.17> and hyphenation patterns for 75 language(s) loaded.
("C:\Program Files\MiKTeX 2.9\tex\latex\base\article.cls"
Document Class: article 2014/09/29 v1.4h Standard LaTeX document class
("C:\Program Files\MiKTeX 2.9\tex\latex\base\size10.clo"
File: size10.clo 2014/09/29 v1.4h Standard LaTeX file (size option)
)
\c@part=\count79
\c@section=\count80
\c@subsection=\count81
\c@subsubsection=\count82
\c@paragraph=\count83
\c@subparagraph=\count84
\c@figure=\count85
\c@table=\count86
\abovecaptionskip=\skip41
\belowcaptionskip=\skip42
\bibindent=\dimen102
)
("C:\Program Files\MiKTeX 2.9\tex\latex\lm\lmodern.sty"
Package: lmodern 2009/10/30 v1.6 Latin Modern Fonts
LaTeX Font Info:    Overwriting symbol font `operators' in version `normal'
(Font)                  OT1/cmr/m/n --> OT1/lmr/m/n on input line 22.
LaTeX Font Info:    Overwriting symbol font `letters' in version `normal'
(Font)                  OML/cmm/m/it --> OML/lmm/m/it on input line 23.
LaTeX Font Info:    Overwriting symbol font `symbols' in version `normal'
(Font)                  OMS/cmsy/m/n --> OMS/lmsy/m/n on input line 24.
LaTeX Font Info:    Overwriting symbol font `largesymbols' in version `normal'
(Font)                  OMX/cmex/m/n --> OMX/lmex/m/n on input line 25.
LaTeX Font Info:    Overwriting symbol font `operators' in version `bold'
(Font)                  OT1/cmr/bx/n --> OT1/lmr/bx/n on input line 26.
LaTeX Font Info:    Overwriting symbol font `letters' in version `bold'
(Font)                  OML/cmm/b/it --> OML/lmm/b/it on input line 27.
LaTeX Font Info:    Overwriting symbol font `symbols' in version `bold'
(Font)                  OMS/cmsy/b/n --> OMS/lmsy/b/n on input line 28.
LaTeX Font Info:    Overwriting symbol font `largesymbols' in version `bold'
(Font)                  OMX/cmex/m/n --> OMX/lmex/m/n on input line 29.
LaTeX Font Info:    Overwriting math alphabet `\mathbf' in version `normal'
(Font)                  OT1/cmr/bx/n --> OT1/lmr/bx/n on input line 31.
LaTeX Font Info:    Overwriting math alphabet `\mathsf' in version `normal'
(Font)                  OT1/cmss/m/n --> OT1/lmss/m/n on input line 32.
LaTeX Font Info:    Overwriting math alphabet `\mathit' in version `normal'
(Font)                  OT1/cmr/m/it --> OT1/lmr/m/it on input line 33.
LaTeX Font Info:    Overwriting math alphabet `\mathtt' in version `normal'
(Font)                  OT1/cmtt/m/n --> OT1/lmtt/m/n on input line 34.
LaTeX Font Info:    Overwriting math alphabet `\mathbf' in version `bold'
(Font)                  OT1/cmr/bx/n --> OT1/lmr/bx/n on input line 35.
LaTeX Font Info:    Overwriting math alphabet `\mathsf' in version `bold'
(Font)                  OT1/cmss/bx/n --> OT1/lmss/bx/n on input line 36.
LaTeX Font Info:    Overwriting math alphabet `\mathit' in version `bold'
(Font)                  OT1/cmr/bx/it --> OT1/lmr/bx/it on input line 37.
LaTeX Font Info:    Overwriting math alphabet `\mathtt' in version `bold'
(Font)                  OT1/cmtt/m/n --> OT1/lmtt/m/n on input line 38.
)
("C:\Program Files\MiKTeX 2.9\tex\latex\amsfonts\amssymb.sty"
Package: amssymb 2013/01/14 v3.01 AMS font symbols

("C:\Program Files\MiKTeX 2.9\tex\latex\amsfonts\amsfonts.sty"
Package: amsfonts 2013/01/14 v3.01 Basic AMSFonts support
\@emptytoks=\toks14
\symAMSa=\mathgroup4
\symAMSb=\mathgroup5
LaTeX Font Info:    Overwriting math alphabet `\mathfrak' in version `bold'
(Font)                  U/euf/m/n --> U/euf/b/n on input line 106.
))
("C:\Program Files\MiKTeX 2.9\tex\latex\amsmath\amsmath.sty"
Package: amsmath 2017/09/02 v2.17a AMS math features
\@mathmargin=\skip43

For additional information on amsmath, use the `?' option.
("C:\Program Files\MiKTeX 2.9\tex\latex\amsmath\amstext.sty"
Package: amstext 2000/06/29 v2.01 AMS text

("C:\Program Files\MiKTeX 2.9\tex\latex\amsmath\amsgen.sty"
File: amsgen.sty 1999/11/30 v2.0 generic functions
\@emptytoks=\toks15
\ex@=\dimen103
))
("C:\Program Files\MiKTeX 2.9\tex\latex\amsmath\amsbsy.sty"
Package: amsbsy 1999/11/29 v1.2d Bold Symbols
\pmbraise@=\dimen104
)
("C:\Program Files\MiKTeX 2.9\tex\latex\amsmath\amsopn.sty"
Package: amsopn 2016/03/08 v2.02 operator names
)
\inf@bad=\count87
LaTeX Info: Redefining \frac on input line 213.
\uproot@=\count88
\leftroot@=\count89
LaTeX Info: Redefining \overline on input line 375.
\classnum@=\count90
\DOTSCASE@=\count91
LaTeX Info: Redefining \ldots on input line 472.
LaTeX Info: Redefining \dots on input line 475.
LaTeX Info: Redefining \cdots on input line 596.
\Mathstrutbox@=\box26
\strutbox@=\box27
\big@size=\dimen105
LaTeX Font Info:    Redeclaring font encoding OML on input line 712.
LaTeX Font Info:    Redeclaring font encoding OMS on input line 713.
\macc@depth=\count92
\c@MaxMatrixCols=\count93
\dotsspace@=\muskip10
\c@parentequation=\count94
\dspbrk@lvl=\count95
\tag@help=\toks16
\row@=\count96
\column@=\count97
\maxfields@=\count98
\andhelp@=\toks17
\eqnshift@=\dimen106
\alignsep@=\dimen107
\tagshift@=\dimen108
\tagwidth@=\dimen109
\totwidth@=\dimen110
\lineht@=\dimen111
\@envbody=\toks18
\multlinegap=\skip44
\multlinetaggap=\skip45
\mathdisplay@stack=\toks19
LaTeX Info: Redefining \[ on input line 2817.
LaTeX Info: Redefining \] on input line 2818.
)
("C:\Program Files\MiKTeX 2.9\tex\generic\ifxetex\ifxetex.sty"
Package: ifxetex 2010/09/12 v0.6 Provides ifxetex conditional
)
("C:\Program Files\MiKTeX 2.9\tex\generic\oberdiek\ifluatex.sty"
Package: ifluatex 2016/05/16 v1.4 Provides the ifluatex switch (HO)
Package ifluatex Info: LuaTeX not detected.
)
("C:\Program Files\MiKTeX 2.9\tex\latex\base\fixltx2e.sty"
Package: fixltx2e 2016/12/29 v2.1a fixes to LaTeX (obsolete)
Applying: [2015/01/01] Old fixltx2e package on input line 46.


Package fixltx2e Warning: fixltx2e is not required with releases after 2015
(fixltx2e)                All fixes are now in the LaTeX kernel.
(fixltx2e)                See the latexrelease package for details.

Already applied: [0000/00/00] Old fixltx2e package on input line 53.
) ("C:\Program Files\MiKTeX 2.9\tex\latex\unicode-math\unicode-math.sty"
("C:\Program Files\MiKTeX 2.9\tex\latex\l3kernel\expl3.sty"
Package: expl3 2017/12/16 L3 programming layer (loader) 

("C:\Program Files\MiKTeX 2.9\tex\latex\l3kernel\expl3-code.tex"
Package: expl3 2017/12/16 L3 programming layer (code)
\c_max_int=\count99
\l_tmpa_int=\count100
\l_tmpb_int=\count101
\g_tmpa_int=\count102
\g_tmpb_int=\count103
\g__intarray_font_int=\count104
\g__prg_map_int=\count105
\c_log_iow=\count106
\l_iow_line_count_int=\count107
\l__iow_line_target_int=\count108
\l__iow_one_indent_int=\count109
\l__iow_indent_int=\count110
\c_zero_dim=\dimen112
\c_max_dim=\dimen113
\l_tmpa_dim=\dimen114
\l_tmpb_dim=\dimen115
\g_tmpa_dim=\dimen116
\g_tmpb_dim=\dimen117
\c_zero_skip=\skip46
\c_max_skip=\skip47
\l_tmpa_skip=\skip48
\l_tmpb_skip=\skip49
\g_tmpa_skip=\skip50
\g_tmpb_skip=\skip51
\c_zero_muskip=\muskip11
\c_max_muskip=\muskip12
\l_tmpa_muskip=\muskip13
\l_tmpb_muskip=\muskip14
\g_tmpa_muskip=\muskip15
\g_tmpb_muskip=\muskip16
\l_keys_choice_int=\count111
\c__fp_leading_shift_int=\count112
\c__fp_middle_shift_int=\count113
\c__fp_trailing_shift_int=\count114
\c__fp_big_leading_shift_int=\count115
\c__fp_big_middle_shift_int=\count116
\c__fp_big_trailing_shift_int=\count117
\c__fp_Bigg_leading_shift_int=\count118
\c__fp_Bigg_middle_shift_int=\count119
\c__fp_Bigg_trailing_shift_int=\count120
\l__sort_length_int=\count121
\l__sort_min_int=\count122
\l__sort_top_int=\count123
\l__sort_max_int=\count124
\l__sort_true_max_int=\count125
\l__sort_block_int=\count126
\l__sort_begin_int=\count127
\l__sort_end_int=\count128
\l__sort_A_int=\count129
\l__sort_B_int=\count130
\l__sort_C_int=\count131
\l__tl_build_start_index_int=\count132
\l__tl_build_index_int=\count133
\l__tl_analysis_normal_int=\count134
\l__tl_analysis_index_int=\count135
\l__tl_analysis_nesting_int=\count136
\l__tl_analysis_type_int=\count137
\l__regex_internal_a_int=\count138
\l__regex_internal_b_int=\count139
\l__regex_internal_c_int=\count140
\l__regex_balance_int=\count141
\l__regex_group_level_int=\count142
\l__regex_mode_int=\count143
\c__regex_cs_in_class_mode_int=\count144
\c__regex_cs_mode_int=\count145
\l__regex_catcodes_int=\count146
\l__regex_default_catcodes_int=\count147
\c__regex_catcode_L_int=\count148
\c__regex_catcode_O_int=\count149
\c__regex_catcode_A_int=\count150
\c__regex_all_catcodes_int=\count151
\l__regex_show_lines_int=\count152
\l__regex_min_state_int=\count153
\l__regex_max_state_int=\count154
\l__regex_left_state_int=\count155
\l__regex_right_state_int=\count156
\l__regex_capturing_group_int=\count157
\l__regex_min_pos_int=\count158
\l__regex_max_pos_int=\count159
\l__regex_curr_pos_int=\count160
\l__regex_start_pos_int=\count161
\l__regex_success_pos_int=\count162
\l__regex_curr_char_int=\count163
\l__regex_curr_catcode_int=\count164
\l__regex_last_char_int=\count165
\l__regex_case_changed_char_int=\count166
\l__regex_curr_state_int=\count167
\l__regex_step_int=\count168
\l__regex_min_active_int=\count169
\l__regex_max_active_int=\count170
\l__regex_replacement_csnames_int=\count171
\l__regex_match_count_int=\count172
\l__regex_min_submatch_int=\count173
\l__regex_submatch_int=\count174
\l__regex_zeroth_submatch_int=\count175
\g__debug_trace_regex_int=\count176
\c_empty_box=\box28
\l_tmpa_box=\box29
\l_tmpb_box=\box30
\g_tmpa_box=\box31
\g_tmpb_box=\box32
\l__box_top_dim=\dimen118
\l__box_bottom_dim=\dimen119
\l__box_left_dim=\dimen120
\l__box_right_dim=\dimen121
\l__box_top_new_dim=\dimen122
\l__box_bottom_new_dim=\dimen123
\l__box_left_new_dim=\dimen124
\l__box_right_new_dim=\dimen125
\l__box_internal_box=\box33
\l__coffin_internal_box=\box34
\l__coffin_internal_dim=\dimen126
\l__coffin_offset_x_dim=\dimen127
\l__coffin_offset_y_dim=\dimen128
\l__coffin_x_dim=\dimen129
\l__coffin_y_dim=\dimen130
\l__coffin_x_prime_dim=\dimen131
\l__coffin_y_prime_dim=\dimen132
\c_empty_coffin=\box35
\l__coffin_aligned_coffin=\box36
\l__coffin_aligned_internal_coffin=\box37
\l_tmpa_coffin=\box38
\l_tmpb_coffin=\box39
\l__coffin_display_coffin=\box40
\l__coffin_display_coord_coffin=\box41
\l__coffin_display_pole_coffin=\box42
\l__coffin_display_offset_dim=\dimen133
\l__coffin_display_x_dim=\dimen134
\l__coffin_display_y_dim=\dimen135
\l__coffin_bounding_shift_dim=\dimen136
\l__coffin_left_corner_dim=\dimen137
\l__coffin_right_corner_dim=\dimen138
\l__coffin_bottom_corner_dim=\dimen139
\l__coffin_top_corner_dim=\dimen140
\l__coffin_scaled_total_height_dim=\dimen141
\l__coffin_scaled_width_dim=\dimen142
)
("C:\Program Files\MiKTeX 2.9\tex\latex\l3kernel\l3xdvipdfmx.def"
File: l3xdvidpfmx.def 2017/03/18 v L3 Experimental driver: xdvipdfmx
\g__driver_image_int=\count177
\l__driver_tmp_box=\box43
))
Package: unicode-math 2018/02/02 vv0.8l Unicode maths in XeLaTeX and LuaLaTeX

("C:\Program Files\MiKTeX 2.9\tex\latex\unicode-math\unicode-math-xetex.sty"
Package: unicode-math-xetex 2018/02/02 vv0.8l Unicode maths in XeLaTeX and LuaL
aTeX

("C:\Program Files\MiKTeX 2.9\tex\latex\l3packages\xparse\xparse.sty"
Package: xparse 2017/12/16 L3 Experimental document command parser
\l__xparse_current_arg_int=\count178
\g__xparse_grabber_int=\count179
\l__xparse_m_args_int=\count180
\l__xparse_mandatory_args_int=\count181
\l__xparse_v_nesting_int=\count182
)
("C:\Program Files\MiKTeX 2.9\tex\latex\l3packages\l3keys2e\l3keys2e.sty"
Package: l3keys2e 2017/12/16 LaTeX2e option processing using LaTeX3 keys
)
("C:\Program Files\MiKTeX 2.9\tex\latex\fontspec\fontspec.sty"
Package: fontspec 2017/11/09 v2.6g Font selection for XeLaTeX and LuaLaTeX

("C:\Program Files\MiKTeX 2.9\tex\latex\fontspec\fontspec-xetex.sty"
Package: fontspec-xetex 2017/11/09 v2.6g Font selection for XeLaTeX and LuaLaTe
X
\l__fontspec_script_int=\count183
\l__fontspec_language_int=\count184
\l__fontspec_strnum_int=\count185
\l__fontspec_tmp_int=\count186
\l__fontspec_em_int=\count187
\l__fontspec_emdef_int=\count188
\l__fontspec_strong_int=\count189
\l__fontspec_strongdef_int=\count190
\l__fontspec_tmpa_dim=\dimen143
\l__fontspec_tmpb_dim=\dimen144
\l__fontspec_tmpc_dim=\dimen145
\g__file_internal_ior=\read1

("C:\Program Files\MiKTeX 2.9\tex\latex\base\fontenc.sty"
Package: fontenc 2017/04/05 v2.0i Standard LaTeX package

("C:\Program Files\MiKTeX 2.9\tex\latex\base\tuenc.def"
File: tuenc.def 2017/04/05 v2.0i Standard LaTeX file
LaTeX Font Info:    Redeclaring font encoding TU on input line 82.
))
.................................................
. LaTeX info: "xparse/define-command"
. 
. Defining command \fontspec with sig. 'O{}mO{}' on line 542.
.................................................
.................................................
. LaTeX info: "xparse/define-command"
. 
. Defining command \setmainfont with sig. 'O{}mO{}' on line 546.
.................................................
.................................................
. LaTeX info: "xparse/define-command"
. 
. Defining command \setsansfont with sig. 'O{}mO{}' on line 550.
.................................................
.................................................
. LaTeX info: "xparse/define-command"
. 
. Defining command \setmonofont with sig. 'O{}mO{}' on line 554.
.................................................
.................................................
. LaTeX info: "xparse/define-command"
. 
. Defining command \setmathrm with sig. 'O{}mO{}' on line 558.
.................................................
.................................................
. LaTeX info: "xparse/define-command"
. 
. Defining command \setboldmathrm with sig. 'O{}mO{}' on line 562.
.................................................
.................................................
. LaTeX info: "xparse/define-command"
. 
. Defining command \setmathsf with sig. 'O{}mO{}' on line 566.
.................................................
.................................................
. LaTeX info: "xparse/define-command"
. 
. Defining command \setmathtt with sig. 'O{}mO{}' on line 570.
.................................................
.................................................
. LaTeX info: "xparse/define-command"
. 
. Defining command \setromanfont with sig. 'O{}mO{}' on line 574.
.................................................
.................................................
. LaTeX info: "xparse/define-command"
. 
. Defining command \newfontfamily with sig. 'mO{}mO{}' on line 578.
.................................................
.................................................
. LaTeX info: "xparse/define-command"
. 
. Defining command \newfontface with sig. 'mO{}mO{}' on line 582.
.................................................
.................................................
. LaTeX info: "xparse/define-command"
. 
. Defining command \defaultfontfeatures with sig. 't+om' on line 586.
.................................................
.................................................
. LaTeX info: "xparse/define-command"
. 
. Defining command \addfontfeatures with sig. 'm' on line 590.
.................................................
.................................................
. LaTeX info: "xparse/define-command"
. 
. Defining command \addfontfeature with sig. 'm' on line 594.
.................................................
.................................................
. LaTeX info: "xparse/define-command"
. 
. Defining command \newfontfeature with sig. 'mm' on line 598.
.................................................
.................................................
. LaTeX info: "xparse/define-command"
. 
. Defining command \newAATfeature with sig. 'mmmm' on line 602.
.................................................
.................................................
. LaTeX info: "xparse/define-command"
. 
. Defining command \newopentypefeature with sig. 'mmm' on line 606.
.................................................
.................................................
. LaTeX info: "xparse/define-command"
. 
. Defining command \newICUfeature with sig. 'mmm' on line 610.
.................................................
.................................................
. LaTeX info: "xparse/define-command"
. 
. Defining command \aliasfontfeature with sig. 'mm' on line 614.
.................................................
.................................................
. LaTeX info: "xparse/define-command"
. 
. Defining command \aliasfontfeatureoption with sig. 'mmm' on line 618.
.................................................
.................................................
. LaTeX info: "xparse/define-command"
. 
. Defining command \newfontscript with sig. 'mm' on line 622.
.................................................
.................................................
. LaTeX info: "xparse/define-command"
. 
. Defining command \newfontlanguage with sig. 'mm' on line 626.
.................................................
.................................................
. LaTeX info: "xparse/define-command"
. 
. Defining command \DeclareFontsExtensions with sig. 'm' on line 630.
.................................................
.................................................
. LaTeX info: "xparse/define-command"
. 
. Defining command \IfFontFeatureActiveTF with sig. 'mmm' on line 634.
.................................................
.................................................
. LaTeX info: "xparse/define-command"
. 
. Defining command \EncodingCommand with sig. 'mO{}m' on line 3632.
.................................................
.................................................
. LaTeX info: "xparse/define-command"
. 
. Defining command \EncodingAccent with sig. 'mm' on line 3638.
.................................................
.................................................
. LaTeX info: "xparse/define-command"
. 
. Defining command \EncodingSymbol with sig. 'mm' on line 3644.
.................................................
.................................................
. LaTeX info: "xparse/define-command"
. 
. Defining command \EncodingComposite with sig. 'mmm' on line 3650.
.................................................
.................................................
. LaTeX info: "xparse/define-command"
. 
. Defining command \EncodingCompositeCommand with sig. 'mmm' on line 3656.
.................................................
.................................................
. LaTeX info: "xparse/define-command"
. 
. Defining command \DeclareUnicodeEncoding with sig. 'mm' on line 3681.
.................................................
.................................................
. LaTeX info: "xparse/define-command"
. 
. Defining command \UndeclareSymbol with sig. 'm' on line 3687.
.................................................
.................................................
. LaTeX info: "xparse/define-command"
. 
. Defining command \UndeclareAccent with sig. 'm' on line 3693.
.................................................
.................................................
. LaTeX info: "xparse/define-command"
. 
. Defining command \UndeclareCommand with sig. 'm' on line 3699.
.................................................
.................................................
. LaTeX info: "xparse/define-command"
. 
. Defining command \UndeclareComposite with sig. 'mm' on line 3706.
.................................................

("C:\Program Files\MiKTeX 2.9\tex\latex\fontspec\fontspec.cfg")
LaTeX Info: Redefining \itshape on input line 3891.
LaTeX Info: Redefining \slshape on input line 3896.
LaTeX Info: Redefining \scshape on input line 3901.
LaTeX Info: Redefining \upshape on input line 3906.
LaTeX Info: Redefining \em on input line 3936.
LaTeX Info: Redefining \emph on input line 3961.
LaTeX Info: Redefining \- on input line 4015.
.................................................
. LaTeX info: "xparse/redefine-command"
. 
. Redefining command \oldstylenums with sig. 'm' on line 4110.
.................................................
.................................................
. LaTeX info: "xparse/define-command"
. 
. Defining command \liningnums with sig. 'm' on line 4114.
.................................................
))
("C:\Program Files\MiKTeX 2.9\tex\latex\filehook\filehook.sty"
Package: filehook 2011/10/12 v0.5d Hooks for input files
)
("C:\Program Files\MiKTeX 2.9\tex\latex\base\fix-cm.sty"
Package: fix-cm 2015/01/14 v1.1t fixes to LaTeX

("C:\Program Files\MiKTeX 2.9\tex\latex\base\ts1enc.def"
File: ts1enc.def 2001/06/05 v3.0e (jk/car/fm) Standard LaTeX file
))
\g__um_fam_int=\count191
\g__um_fonts_used_int=\count192
\l__um_primecount_int=\count193
\g__um_primekern_muskip=\muskip17
.................................................
. LaTeX info: "xparse/define-command"
. 
. Defining command \unimathsetup with sig. 'm' on line 269.
.................................................
.................................................
. LaTeX info: "xparse/define-command"
. 
. Defining command \setmathfont with sig. 'O{}mO{}' on line 273.
.................................................
.................................................
. LaTeX info: "xparse/define-command"
. 
. Defining command \setmathfontface with sig. 'mO{}mO{}' on line 277.
.................................................
.................................................
. LaTeX info: "xparse/define-command"
. 
. Defining command \setoperatorfont with sig. 'm' on line 282.
.................................................
.................................................
. LaTeX info: "xparse/define-command"
. 
. Defining command \addnolimits with sig. 'm' on line 287.
.................................................
.................................................
. LaTeX info: "xparse/define-command"
. 
. Defining command \removenolimits with sig. 'm' on line 291.
.................................................

("C:\Program Files\MiKTeX 2.9\tex\latex\unicode-math\unicode-math-table.tex")
.................................................
. unicode-math info: "patch-macro"
. 
. I'm going to patch macro \subarray.
.................................................
.................................................
. unicode-math info: "patch-macro"
. 
. I'm going to patch macro \r@@t.
.................................................
.................................................
. LaTeX info: "xparse/redefine-command"
. 
. Redefining command \not with sig. 'm' on line 3835.
.................................................
.................................................
. LaTeX info: "xparse/define-command"
. 
. Defining command \NewNegationCommand with sig. 'mm' on line 3839.
.................................................
.................................................
. LaTeX info: "xparse/define-command"
. 
. Defining command \RenewNegationCommand with sig. 'mm' on line 3843.
.................................................
)) ("C:\Program Files\MiKTeX 2.9\tex\latex\upquote\upquote.sty"
Package: upquote 2012/04/19 v1.3 upright-quote and grave-accent glyphs in verba
tim

("C:\Program Files\MiKTeX 2.9\tex\latex\base\textcomp.sty"
Package: textcomp 2017/04/05 v2.0i Standard LaTeX package
Package textcomp Info: Sub-encoding information:
(textcomp)               5 = only ISO-Adobe without \textcurrency
(textcomp)               4 = 5 + \texteuro
(textcomp)               3 = 4 + \textohm
(textcomp)               2 = 3 + \textestimated + \textcurrency
(textcomp)               1 = TS1 - \textcircled - \t
(textcomp)               0 = TS1 (full)
(textcomp)             Font families with sub-encoding setting implement
(textcomp)             only a restricted character set as indicated.
(textcomp)             Family '?' is the default used for unknown fonts.
(textcomp)             See the documentation for details.
Package textcomp Info: Setting ? sub-encoding to TS1/1 on input line 79.

("C:\Program Files\MiKTeX 2.9\tex\latex\base\ts1enc.def"
File: ts1enc.def 2001/06/05 v3.0e (jk/car/fm) Standard LaTeX file
LaTeX Font Info:    Redeclaring font encoding TS1 on input line 47.
)
LaTeX Info: Redefining \oldstylenums on input line 334.
Package textcomp Info: Setting cmr sub-encoding to TS1/0 on input line 349.
Package textcomp Info: Setting cmss sub-encoding to TS1/0 on input line 350.
Package textcomp Info: Setting cmtt sub-encoding to TS1/0 on input line 351.
Package textcomp Info: Setting cmvtt sub-encoding to TS1/0 on input line 352.
Package textcomp Info: Setting cmbr sub-encoding to TS1/0 on input line 353.
Package textcomp Info: Setting cmtl sub-encoding to TS1/0 on input line 354.
Package textcomp Info: Setting ccr sub-encoding to TS1/0 on input line 355.
Package textcomp Info: Setting ptm sub-encoding to TS1/4 on input line 356.
Package textcomp Info: Setting pcr sub-encoding to TS1/4 on input line 357.
Package textcomp Info: Setting phv sub-encoding to TS1/4 on input line 358.
Package textcomp Info: Setting ppl sub-encoding to TS1/3 on input line 359.
Package textcomp Info: Setting pag sub-encoding to TS1/4 on input line 360.
Package textcomp Info: Setting pbk sub-encoding to TS1/4 on input line 361.
Package textcomp Info: Setting pnc sub-encoding to TS1/4 on input line 362.
Package textcomp Info: Setting pzc sub-encoding to TS1/4 on input line 363.
Package textcomp Info: Setting bch sub-encoding to TS1/4 on input line 364.
Package textcomp Info: Setting put sub-encoding to TS1/5 on input line 365.
Package textcomp Info: Setting uag sub-encoding to TS1/5 on input line 366.
Package textcomp Info: Setting ugq sub-encoding to TS1/5 on input line 367.
Package textcomp Info: Setting ul8 sub-encoding to TS1/4 on input line 368.
Package textcomp Info: Setting ul9 sub-encoding to TS1/4 on input line 369.
Package textcomp Info: Setting augie sub-encoding to TS1/5 on input line 370.
Package textcomp Info: Setting dayrom sub-encoding to TS1/3 on input line 371.
Package textcomp Info: Setting dayroms sub-encoding to TS1/3 on input line 372.

Package textcomp Info: Setting pxr sub-encoding to TS1/0 on input line 373.
Package textcomp Info: Setting pxss sub-encoding to TS1/0 on input line 374.
Package textcomp Info: Setting pxtt sub-encoding to TS1/0 on input line 375.
Package textcomp Info: Setting txr sub-encoding to TS1/0 on input line 376.
Package textcomp Info: Setting txss sub-encoding to TS1/0 on input line 377.
Package textcomp Info: Setting txtt sub-encoding to TS1/0 on input line 378.
Package textcomp Info: Setting lmr sub-encoding to TS1/0 on input line 379.
Package textcomp Info: Setting lmdh sub-encoding to TS1/0 on input line 380.
Package textcomp Info: Setting lmss sub-encoding to TS1/0 on input line 381.
Package textcomp Info: Setting lmssq sub-encoding to TS1/0 on input line 382.
Package textcomp Info: Setting lmvtt sub-encoding to TS1/0 on input line 383.
Package textcomp Info: Setting lmtt sub-encoding to TS1/0 on input line 384.
Package textcomp Info: Setting qhv sub-encoding to TS1/0 on input line 385.
Package textcomp Info: Setting qag sub-encoding to TS1/0 on input line 386.
Package textcomp Info: Setting qbk sub-encoding to TS1/0 on input line 387.
Package textcomp Info: Setting qcr sub-encoding to TS1/0 on input line 388.
Package textcomp Info: Setting qcs sub-encoding to TS1/0 on input line 389.
Package textcomp Info: Setting qpl sub-encoding to TS1/0 on input line 390.
Package textcomp Info: Setting qtm sub-encoding to TS1/0 on input line 391.
Package textcomp Info: Setting qzc sub-encoding to TS1/0 on input line 392.
Package textcomp Info: Setting qhvc sub-encoding to TS1/0 on input line 393.
Package textcomp Info: Setting futs sub-encoding to TS1/4 on input line 394.
Package textcomp Info: Setting futx sub-encoding to TS1/4 on input line 395.
Package textcomp Info: Setting futj sub-encoding to TS1/4 on input line 396.
Package textcomp Info: Setting hlh sub-encoding to TS1/3 on input line 397.
Package textcomp Info: Setting hls sub-encoding to TS1/3 on input line 398.
Package textcomp Info: Setting hlst sub-encoding to TS1/3 on input line 399.
Package textcomp Info: Setting hlct sub-encoding to TS1/5 on input line 400.
Package textcomp Info: Setting hlx sub-encoding to TS1/5 on input line 401.
Package textcomp Info: Setting hlce sub-encoding to TS1/5 on input line 402.
Package textcomp Info: Setting hlcn sub-encoding to TS1/5 on input line 403.
Package textcomp Info: Setting hlcw sub-encoding to TS1/5 on input line 404.
Package textcomp Info: Setting hlcf sub-encoding to TS1/5 on input line 405.
Package textcomp Info: Setting pplx sub-encoding to TS1/3 on input line 406.
Package textcomp Info: Setting pplj sub-encoding to TS1/3 on input line 407.
Package textcomp Info: Setting ptmx sub-encoding to TS1/4 on input line 408.
Package textcomp Info: Setting ptmj sub-encoding to TS1/4 on input line 409.
))
("C:\Program Files\MiKTeX 2.9\tex\latex\microtype\microtype.sty"
Package: microtype 2018/01/14 v2.7a Micro-typographical refinements (RS)

("C:\Program Files\MiKTeX 2.9\tex\latex\graphics\keyval.sty"
Package: keyval 2014/10/28 v1.15 key=value parser (DPC)
\KV@toks@=\toks20
)
\MT@toks=\toks21
\MT@count=\count194
LaTeX Info: Redefining \textls on input line 793.
\MT@outer@kern=\dimen146
LaTeX Info: Redefining \textmicrotypecontext on input line 1339.
\MT@listname@count=\count195

("C:\Program Files\MiKTeX 2.9\tex\latex\microtype\microtype-xetex.def"
File: microtype-xetex.def 2018/01/14 v2.7a Definitions specific to xetex (RS)
LaTeX Info: Redefining \lsstyle on input line 256.
)
Package microtype Info: Loading configuration file microtype.cfg.

("C:\Program Files\MiKTeX 2.9\tex\latex\microtype\microtype.cfg"
File: microtype.cfg 2018/01/14 v2.7a microtype main configuration file (RS)
))
("C:\Program Files\MiKTeX 2.9\tex\latex\ltxmisc\parskip.sty"
Package: parskip 2001/04/09 non-zero parskip adjustments
)
("C:\Program Files\MiKTeX 2.9\tex\latex\hyperref\hyperref.sty"
Package: hyperref 2018/02/06 v6.86b Hypertext links for LaTeX

("C:\Program Files\MiKTeX 2.9\tex\generic\oberdiek\hobsub-hyperref.sty"
Package: hobsub-hyperref 2016/05/16 v1.14 Bundle oberdiek, subset hyperref (HO)


("C:\Program Files\MiKTeX 2.9\tex\generic\oberdiek\hobsub-generic.sty"
Package: hobsub-generic 2016/05/16 v1.14 Bundle oberdiek, subset generic (HO)
Package: hobsub 2016/05/16 v1.14 Construct package bundles (HO)
Package: infwarerr 2016/05/16 v1.4 Providing info/warning/error messages (HO)
Package: ltxcmds 2016/05/16 v1.23 LaTeX kernel commands for general use (HO)
Package hobsub Info: Skipping package `ifluatex' (already loaded).
Package: ifvtex 2016/05/16 v1.6 Detect VTeX and its facilities (HO)
Package ifvtex Info: VTeX not detected.
Package: intcalc 2016/05/16 v1.2 Expandable calculations with integers (HO)
Package: ifpdf 2017/03/15 v3.2 Provides the ifpdf switch
Package: etexcmds 2016/05/16 v1.6 Avoid name clashes with e-TeX commands (HO)
Package etexcmds Info: Could not find \expanded.
(etexcmds)             That can mean that you are not using pdfTeX 1.50 or
(etexcmds)             that some package has redefined \expanded.
(etexcmds)             In the latter case, load this package earlier.
Package: kvsetkeys 2016/05/16 v1.17 Key value parser (HO)
Package: kvdefinekeys 2016/05/16 v1.4 Define keys (HO)
Package: pdftexcmds 2018/01/21 v0.26 Utility functions of pdfTeX for LuaTeX (HO
)
Package pdftexcmds Info: LuaTeX not detected.
Package pdftexcmds Info: pdfTeX >= 1.30 not detected.
Package pdftexcmds Info: \pdf@primitive is available.
Package pdftexcmds Info: \pdf@ifprimitive is available.
Package pdftexcmds Info: \pdfdraftmode not found.
Package: pdfescape 2016/05/16 v1.14 Implements pdfTeX's escape features (HO)
Package: bigintcalc 2016/05/16 v1.4 Expandable calculations on big integers (HO
)
Package: bitset 2016/05/16 v1.2 Handle bit-vector datatype (HO)
Package: uniquecounter 2016/05/16 v1.3 Provide unlimited unique counter (HO)
)
Package hobsub Info: Skipping package `hobsub' (already loaded).
Package: letltxmacro 2016/05/16 v1.5 Let assignment for LaTeX macros (HO)
Package: hopatch 2016/05/16 v1.3 Wrapper for package hooks (HO)
Package: xcolor-patch 2016/05/16 xcolor patch
Package: atveryend 2016/05/16 v1.9 Hooks at the very end of document (HO)
Package atveryend Info: \enddocument detected (standard20110627).
Package: atbegshi 2016/06/09 v1.18 At begin shipout hook (HO)
Package: refcount 2016/05/16 v3.5 Data extraction from label references (HO)
Package: hycolor 2016/05/16 v1.8 Color options for hyperref/bookmark (HO)
)
("C:\Program Files\MiKTeX 2.9\tex\latex\oberdiek\auxhook.sty"
Package: auxhook 2016/05/16 v1.4 Hooks for auxiliary files (HO)
)
("C:\Program Files\MiKTeX 2.9\tex\latex\oberdiek\kvoptions.sty"
Package: kvoptions 2016/05/16 v3.12 Key value format for package options (HO)
)
\@linkdim=\dimen147
\Hy@linkcounter=\count196
\Hy@pagecounter=\count197

("C:\Program Files\MiKTeX 2.9\tex\latex\hyperref\pd1enc.def"
File: pd1enc.def 2018/02/06 v6.86b Hyperref: PDFDocEncoding definition (HO)
)
\Hy@SavedSpaceFactor=\count198

("C:\Program Files\MiKTeX 2.9\tex\latex\00miktex\hyperref.cfg"
File: hyperref.cfg 2002/06/06 v1.2 hyperref configuration of TeXLive
)
Package hyperref Info: Option `unicode' set `true' on input line 4383.

("C:\Program Files\MiKTeX 2.9\tex\latex\hyperref\puenc.def"
File: puenc.def 2018/02/06 v6.86b Hyperref: PDF Unicode definition (HO)
)
Package hyperref Info: Hyper figures OFF on input line 4509.
Package hyperref Info: Link nesting OFF on input line 4514.
Package hyperref Info: Hyper index ON on input line 4517.
Package hyperref Info: Plain pages OFF on input line 4524.
Package hyperref Info: Backreferencing OFF on input line 4529.
Package hyperref Info: Implicit mode ON; LaTeX internals redefined.
Package hyperref Info: Bookmarks ON on input line 4762.
\c@Hy@tempcnt=\count199

("C:\Program Files\MiKTeX 2.9\tex\latex\url\url.sty"
\Urlmuskip=\muskip18
Package: url 2013/09/16  ver 3.4  Verb mode for urls, etc.
)
LaTeX Info: Redefining \url on input line 5115.
\XeTeXLinkMargin=\dimen148
\Fld@menulength=\count266
\Field@Width=\dimen149
\Fld@charsize=\dimen150
Package hyperref Info: Hyper figures OFF on input line 6369.
Package hyperref Info: Link nesting OFF on input line 6374.
Package hyperref Info: Hyper index ON on input line 6377.
Package hyperref Info: backreferencing OFF on input line 6384.
Package hyperref Info: Link coloring OFF on input line 6389.
Package hyperref Info: Link coloring with OCG OFF on input line 6394.
Package hyperref Info: PDF/A mode OFF on input line 6399.
LaTeX Info: Redefining \ref on input line 6439.
LaTeX Info: Redefining \pageref on input line 6443.
\Hy@abspage=\count267
\c@Item=\count268
\c@Hfootnote=\count269
)
Package hyperref Info: Driver (autodetected): hxetex.

("C:\Program Files\MiKTeX 2.9\tex\latex\hyperref\hxetex.def"
File: hxetex.def 2018/02/06 v6.86b Hyperref driver for XeTeX

("C:\Program Files\MiKTeX 2.9\tex\generic\oberdiek\stringenc.sty"
Package: stringenc 2016/05/16 v1.11 Convert strings between diff. encodings (HO
)
)
\pdfm@box=\box44
\c@Hy@AnnotLevel=\count270
\HyField@AnnotCount=\count271
\Fld@listcount=\count272
\c@bookmark@seq@number=\count273

("C:\Program Files\MiKTeX 2.9\tex\latex\oberdiek\rerunfilecheck.sty"
Package: rerunfilecheck 2016/05/16 v1.8 Rerun checks for auxiliary files (HO)
Package rerunfilecheck Info: Feature \pdfmdfivesum is not available
(rerunfilecheck)             (e.g. pdfTeX or LuaTeX with package `pdftexcmds').

(rerunfilecheck)             Therefore file contents cannot be checked efficien
tly
(rerunfilecheck)             and the loading of the package is aborted.
)
\Hy@SectionHShift=\skip52
)
Package hyperref Info: Option `breaklinks' set `true' on input line 33.

(E:\R\Projects\Novels\./tex2pdf.10160\input.aux)
\openout1 = `input.aux'.

LaTeX Font Info:    Checking defaults for OML/cmm/m/it on input line 57.
LaTeX Font Info:    ... okay on input line 57.
LaTeX Font Info:    Checking defaults for T1/cmr/m/n on input line 57.
LaTeX Font Info:    ... okay on input line 57.
LaTeX Font Info:    Checking defaults for OT1/cmr/m/n on input line 57.
LaTeX Font Info:    ... okay on input line 57.
LaTeX Font Info:    Checking defaults for OMS/cmsy/m/n on input line 57.
LaTeX Font Info:    ... okay on input line 57.
LaTeX Font Info:    Checking defaults for TU/lmr/m/n on input line 57.
LaTeX Font Info:    ... okay on input line 57.
LaTeX Font Info:    Checking defaults for OMX/cmex/m/n on input line 57.
LaTeX Font Info:    ... okay on input line 57.
LaTeX Font Info:    Checking defaults for U/cmr/m/n on input line 57.
LaTeX Font Info:    ... okay on input line 57.
LaTeX Font Info:    Checking defaults for TS1/cmr/m/n on input line 57.
LaTeX Font Info:    ... okay on input line 57.
LaTeX Font Info:    Checking defaults for PD1/pdf/m/n on input line 57.
LaTeX Font Info:    ... okay on input line 57.
LaTeX Font Info:    Checking defaults for PU/pdf/m/n on input line 57.
LaTeX Font Info:    ... okay on input line 57.
LaTeX Font Info:    Overwriting math alphabet `\mathrm' in version `normal'
(Font)                  OT1/lmr/m/n --> TU/lmr/m/n on input line 57.
LaTeX Font Info:    Overwriting math alphabet `\mathit' in version `normal'
(Font)                  OT1/lmr/m/it --> TU/lmr/m/it on input line 57.
LaTeX Font Info:    Overwriting math alphabet `\mathbf' in version `normal'
(Font)                  OT1/lmr/bx/n --> TU/lmr/bx/n on input line 57.
LaTeX Font Info:    Overwriting math alphabet `\mathsf' in version `normal'
(Font)                  OT1/lmss/m/n --> TU/lmss/m/n on input line 57.
LaTeX Font Info:    Overwriting math alphabet `\mathsf' in version `bold'
(Font)                  OT1/lmss/bx/n --> TU/lmss/bx/n on input line 57.
LaTeX Font Info:    Overwriting math alphabet `\mathtt' in version `normal'
(Font)                  OT1/lmtt/m/n --> TU/lmtt/m/n on input line 57.
LaTeX Font Info:    Overwriting math alphabet `\mathtt' in version `bold'
(Font)                  OT1/lmtt/m/n --> TU/lmtt/bx/n on input line 57.
.................................................
. fontspec info: "set-scale"
. 
. latinmodern-math scale = 1.
.................................................
\g__fontspec_family_latinmodern-math.otf_int=\count274
.................................................
. fontspec info: "set-scale"
. 
. latinmodern-math scale = 1.
.................................................
.................................................
. fontspec info: "set-scale"
. 
. latinmodern-math scale = 1.
.................................................
.................................................
. fontspec info: "defining-font"
. 
. Font family 'latinmodern-math.otf(0)' created for font
. 'latinmodern-math.otf' with options
. [Ligatures=TeX,Scale=MatchLowercase,BoldItalicFont={},ItalicFont={},Script=Ma
th,BoldFont={latinmodern-math.otf}].
.  
.  This font family consists of the following NFSS series/shapes:
.  
. - 'normal' (m/n) with NFSS spec.:
. <->s*[1]"[latinmodern-math.otf]/OT:script=math;language=DFLT;mapping=tex-text
;"
. - 'small caps'  (m/sc) with NFSS spec.: 
. - 'bold' (bx/n) with NFSS spec.:
. <->s*[1]"[latinmodern-math.otf]/OT:script=math;language=DFLT;mapping=tex-text
;"
. - 'bold small caps'  (bx/sc) with NFSS spec.: 
.................................................
LaTeX Font Info:    Font shape `TU/latinmodern-math.otf(0)/m/n' will be
(Font)              scaled to size 10.0pt on input line 57.
.................................................
. fontspec info: "set-scale"
. 
. latinmodern-math scale = 1.
.................................................
.................................................
. fontspec info: "set-scale"
. 
. latinmodern-math scale = 1.
.................................................
.................................................
. fontspec info: "set-scale"
. 
. latinmodern-math scale = 1.
.................................................
.................................................
. fontspec info: "set-scale"
. 
. latinmodern-math scale = 1.
.................................................
.................................................
. fontspec info: "set-scale"
. 
. latinmodern-math scale = 1.
.................................................
.................................................
. fontspec info: "defining-font"
. 
. Font family 'latinmodern-math.otf(1)' created for font
. 'latinmodern-math.otf' with options
. [Ligatures=TeX,Scale=MatchLowercase,BoldItalicFont={},ItalicFont={},Script=Ma
th,SizeFeatures={{Size=8.5-},{Size=6-8.5,Font=latinmodern-math.otf,Style=MathSc
ript},{Size=-6,Font=latinmodern-math.otf,Style=MathScriptScript}},BoldFont={lat
inmodern-math.otf}].
.  
.  This font family consists of the following NFSS series/shapes:
.  
. - 'normal' (m/n) with NFSS spec.:
. <8.5->s*[1]"[latinmodern-math.otf]/OT:script=math;language=DFLT;mapping=tex-t
ext;"<6-8.5>s*[1]"[latinmodern-math.otf]/OT:script=math;language=DFLT;+ssty=0;m
apping=tex-text;"<-6>s*[1]"[latinmodern-math.otf]/OT:script=math;language=DFLT;
+ssty=1;mapping=tex-text;"
. - 'small caps'  (m/sc) with NFSS spec.: 
. - 'bold' (bx/n) with NFSS spec.:
. <->s*[1]"[latinmodern-math.otf]/OT:script=math;language=DFLT;mapping=tex-text
;"
. - 'bold small caps'  (bx/sc) with NFSS spec.: 
.................................................
LaTeX Font Info:    Font shape `TU/latinmodern-math.otf(1)/m/n' will be
(Font)              scaled to size 10.0pt on input line 57.
LaTeX Font Info:    Encoding `OT1' has changed to `TU' for symbol font
(Font)              `operators' in the math version `normal' on input line 57.
LaTeX Font Info:    Overwriting symbol font `operators' in version `normal'
(Font)                  OT1/lmr/m/n --> TU/latinmodern-math.otf(1)/m/n on input
 line 57.
LaTeX Font Info:    Encoding `OT1' has changed to `TU' for symbol font
(Font)              `operators' in the math version `bold' on input line 57.
LaTeX Font Info:    Overwriting symbol font `operators' in version `bold'
(Font)                  OT1/lmr/bx/n --> TU/latinmodern-math.otf(1)/bx/n on inp
ut line 57.
.................................................
. fontspec info: "set-scale"
. 
. latinmodern-math scale = 1.
.................................................
.................................................
. fontspec info: "set-scale"
. 
. latinmodern-math scale = 1.
.................................................
.................................................
. fontspec info: "set-scale"
. 
. latinmodern-math scale = 1.
.................................................
.................................................
. fontspec info: "set-scale"
. 
. latinmodern-math scale = 1.
.................................................
.................................................
. fontspec info: "set-scale"
. 
. latinmodern-math scale = 1.
.................................................
.................................................
. fontspec info: "defining-font"
. 
. Font family 'latinmodern-math.otf(2)' created for font
. 'latinmodern-math.otf' with options
. [Ligatures=TeX,Scale=MatchLowercase,BoldItalicFont={},ItalicFont={},Script=Ma
th,SizeFeatures={{Size=8.5-},{Size=6-8.5,Font=latinmodern-math.otf,Style=MathSc
ript},{Size=-6,Font=latinmodern-math.otf,Style=MathScriptScript}},BoldFont={lat
inmodern-math.otf},Scale=1.00001,FontAdjustment={\fontdimen
. 8\font =6.77pt\relax \fontdimen 9\font =3.94pt\relax \fontdimen 10\font
. =4.44pt\relax \fontdimen 11\font =6.86pt\relax \fontdimen 12\font
. =3.45pt\relax \fontdimen 13\font =3.63pt\relax \fontdimen 14\font
. =3.63pt\relax \fontdimen 15\font =2.89pt\relax \fontdimen 16\font
. =2.47pt\relax \fontdimen 17\font =2.47pt\relax \fontdimen 18\font
. =2.5pt\relax \fontdimen 19\font =2.0pt\relax \fontdimen 22\font =2.5pt\relax
. \fontdimen 20\font =0pt\relax \fontdimen 21\font =0pt\relax }].
.  
.  This font family consists of the following NFSS series/shapes:
.  
. - 'normal' (m/n) with NFSS spec.:
. <8.5->s*[1.00001]"[latinmodern-math.otf]/OT:script=math;language=DFLT;mapping
=tex-text;"<6-8.5>s*[1.00001]"[latinmodern-math.otf]/OT:script=math;language=DF
LT;+ssty=0;mapping=tex-text;"<-6>s*[1.00001]"[latinmodern-math.otf]/OT:script=m
ath;language=DFLT;+ssty=1;mapping=tex-text;"
. - 'small caps'  (m/sc) with NFSS spec.: 
. and font adjustment code:
. \fontdimen 8\font =6.77pt\relax \fontdimen 9\font =3.94pt\relax \fontdimen
. 10\font =4.44pt\relax \fontdimen 11\font =6.86pt\relax \fontdimen 12\font
. =3.45pt\relax \fontdimen 13\font =3.63pt\relax \fontdimen 14\font
. =3.63pt\relax \fontdimen 15\font =2.89pt\relax \fontdimen 16\font
. =2.47pt\relax \fontdimen 17\font =2.47pt\relax \fontdimen 18\font
. =2.5pt\relax \fontdimen 19\font =2.0pt\relax \fontdimen 22\font =2.5pt\relax
. \fontdimen 20\font =0pt\relax \fontdimen 21\font =0pt\relax 
. - 'bold' (bx/n) with NFSS spec.:
. <->s*[1.00001]"[latinmodern-math.otf]/OT:script=math;language=DFLT;mapping=te
x-text;"
. - 'bold small caps'  (bx/sc) with NFSS spec.: 
. and font adjustment code:
. \fontdimen 8\font =6.77pt\relax \fontdimen 9\font =3.94pt\relax \fontdimen
. 10\font =4.44pt\relax \fontdimen 11\font =6.86pt\relax \fontdimen 12\font
. =3.45pt\relax \fontdimen 13\font =3.63pt\relax \fontdimen 14\font
. =3.63pt\relax \fontdimen 15\font =2.89pt\relax \fontdimen 16\font
. =2.47pt\relax \fontdimen 17\font =2.47pt\relax \fontdimen 18\font
. =2.5pt\relax \fontdimen 19\font =2.0pt\relax \fontdimen 22\font =2.5pt\relax
. \fontdimen 20\font =0pt\relax \fontdimen 21\font =0pt\relax 
.................................................
LaTeX Font Info:    Encoding `OMS' has changed to `TU' for symbol font
(Font)              `symbols' in the math version `normal' on input line 57.
LaTeX Font Info:    Overwriting symbol font `symbols' in version `normal'
(Font)                  OMS/lmsy/m/n --> TU/latinmodern-math.otf(2)/m/n on inpu
t line 57.
LaTeX Font Info:    Encoding `OMS' has changed to `TU' for symbol font
(Font)              `symbols' in the math version `bold' on input line 57.
LaTeX Font Info:    Overwriting symbol font `symbols' in version `bold'
(Font)                  OMS/lmsy/b/n --> TU/latinmodern-math.otf(2)/bx/n on inp
ut line 57.
.................................................
. fontspec info: "set-scale"
. 
. latinmodern-math scale = 1.
.................................................
.................................................
. fontspec info: "set-scale"
. 
. latinmodern-math scale = 1.
.................................................
.................................................
. fontspec info: "set-scale"
. 
. latinmodern-math scale = 1.
.................................................
.................................................
. fontspec info: "set-scale"
. 
. latinmodern-math scale = 1.
.................................................
.................................................
. fontspec info: "set-scale"
. 
. latinmodern-math scale = 1.
.................................................
.................................................
. fontspec info: "defining-font"
. 
. Font family 'latinmodern-math.otf(3)' created for font
. 'latinmodern-math.otf' with options
. [Ligatures=TeX,Scale=MatchLowercase,BoldItalicFont={},ItalicFont={},Script=Ma
th,SizeFeatures={{Size=8.5-},{Size=6-8.5,Font=latinmodern-math.otf,Style=MathSc
ript},{Size=-6,Font=latinmodern-math.otf,Style=MathScriptScript}},BoldFont={lat
inmodern-math.otf},Scale=0.99999,FontAdjustment={\fontdimen
. 8\font =0.4pt\relax \fontdimen 9\font =2.0pt\relax \fontdimen 10\font
. =1.67pt\relax \fontdimen 11\font =1.11pt\relax \fontdimen 12\font
. =6.0pt\relax \fontdimen 13\font =0pt\relax }].
.  
.  This font family consists of the following NFSS series/shapes:
.  
. - 'normal' (m/n) with NFSS spec.:
. <8.5->s*[0.99999]"[latinmodern-math.otf]/OT:script=math;language=DFLT;mapping
=tex-text;"<6-8.5>s*[0.99999]"[latinmodern-math.otf]/OT:script=math;language=DF
LT;+ssty=0;mapping=tex-text;"<-6>s*[0.99999]"[latinmodern-math.otf]/OT:script=m
ath;language=DFLT;+ssty=1;mapping=tex-text;"
. - 'small caps'  (m/sc) with NFSS spec.: 
. and font adjustment code:
. \fontdimen 8\font =0.4pt\relax \fontdimen 9\font =2.0pt\relax \fontdimen
. 10\font =1.67pt\relax \fontdimen 11\font =1.11pt\relax \fontdimen 12\font
. =6.0pt\relax \fontdimen 13\font =0pt\relax 
. - 'bold' (bx/n) with NFSS spec.:
. <->s*[0.99999]"[latinmodern-math.otf]/OT:script=math;language=DFLT;mapping=te
x-text;"
. - 'bold small caps'  (bx/sc) with NFSS spec.: 
. and font adjustment code:
. \fontdimen 8\font =0.4pt\relax \fontdimen 9\font =2.0pt\relax \fontdimen
. 10\font =1.67pt\relax \fontdimen 11\font =1.11pt\relax \fontdimen 12\font
. =6.0pt\relax \fontdimen 13\font =0pt\relax 
.................................................
LaTeX Font Info:    Encoding `OMX' has changed to `TU' for symbol font
(Font)              `largesymbols' in the math version `normal' on input line 5
7.
LaTeX Font Info:    Overwriting symbol font `largesymbols' in version `normal'
(Font)                  OMX/lmex/m/n --> TU/latinmodern-math.otf(3)/m/n on inpu
t line 57.
LaTeX Font Info:    Encoding `OMX' has changed to `TU' for symbol font
(Font)              `largesymbols' in the math version `bold' on input line 57.

LaTeX Font Info:    Overwriting symbol font `largesymbols' in version `bold'
(Font)                  OMX/lmex/m/n --> TU/latinmodern-math.otf(3)/bx/n on inp
ut line 57.
LaTeX Info: Redefining \microtypecontext on input line 57.
Package microtype Info: Character protrusion enabled (level 2).
Package microtype Info: Using protrusion set `basicmath'.
Package microtype Info: No adjustment of tracking.
Package microtype Info: No adjustment of spacing.
Package microtype Info: No adjustment of kerning.

("C:\Program Files\MiKTeX 2.9\tex\latex\microtype\mt-LatinModernRoman.cfg"
File: mt-LatinModernRoman.cfg 2013/03/13 v1.0 microtype config. file: Latin Mod
ern Roman (RS)
)
\AtBeginShipoutBox=\box45
Package hyperref Info: Link coloring OFF on input line 57.

("C:\Program Files\MiKTeX 2.9\tex\latex\hyperref\nameref.sty"
Package: nameref 2016/05/21 v2.44 Cross-referencing by name of section

("C:\Program Files\MiKTeX 2.9\tex\generic\oberdiek\gettitlestring.sty"
Package: gettitlestring 2016/05/16 v1.5 Cleanup title references (HO)
)
\c@section@level=\count275
)
LaTeX Info: Redefining \ref on input line 57.
LaTeX Info: Redefining \pageref on input line 57.
LaTeX Info: Redefining \nameref on input line 57.

(E:\R\Projects\Novels\./tex2pdf.10160\input.out)
(E:\R\Projects\Novels\./tex2pdf.10160\input.out)
\@outlinefile=\write3
\openout3 = `input.out'.


Overfull \hbox (5.23001pt too wide) in paragraph at lines 59--65
[]\TU/lmr/m/n/10 {\rtf1\ansi\deff0\nouicompat{\fonttbl{\f0\fnil\fcharset0 Couri
er New;}{\f1\fnil
 []


Overfull \hbox (206.57pt too wide) in paragraph at lines 68--89
[]\TU/lmr/m/n/10 \par \c2\~\c2\~ \c2\~\c2\~\c2\~ \c2\~\c2\~\c2\~\c2\~\
c2\~\c2\~\c2\~\c2\~\c2\~\c2\~\c2\~\c2\~\c2\~\c2\~
 []


Overfull \hbox (17.71335pt too wide) in paragraph at lines 68--89
\TU/lmr/m/n/10 \c2\~ \c2\~\c2\~ \c2\~ \TU/lmr/bx/n/10 \e0\b0\86\e0\b0\
a8\e0\b0\82\e0\b0\a6
 []


Overfull \hbox (347.29pt too wide) in paragraph at lines 96--124
\TU/lmr/bx/it/10 - \e0\b0\b8\e0\b0\bf. \e0\b0\86\e0\b0\a8\e0\b0\
82\e0\b0\a6\e0\b0\be\e0\b0\b0\e0\b0\be\e0\b0\ae\e0\b0\82 
 []


Overfull \hbox (37.20001pt too wide) in paragraph at lines 138--139
[]\TU/lmr/bx/it/10 \c2\~\c2\~\c2\~\c2\~\c2\~\c2\~\c2\~\c2\~\c2\~\c2\~
\c2\~\c2\~
 []


Overfull \hbox (633.51997pt too wide) in paragraph at lines 142--199
[]\TU/lmr/m/n/10 \par \c2\~\c2\~ \c2\~\e0\b0\b5\e0\b1\86\e0\b0\82\
e0\b0\f1\bullet\f0\e0\b0\f2\u376?\f0\e0\b1\8d\e0\b0\b0\e0\b0\be\e0
\b0\b5\e0\b1\81\e0\b0\f1\emdash\f0\e0\b0\be\e0\b0\b0\e0\b1\81
 []


Overfull \hbox (226.38pt too wide) in paragraph at lines 142--199
\TU/lmr/m/n/10 \e0\b0\b5\e0\b0\f2\9a\f0\e0\b1\8d\e0\b0\f2\9a\f0\e0
\b0\be\e0\b0\b0\e0\b0\82\e0\b0\f2\u376?\f0\e0\b1\87
 []


Overfull \hbox (244.95001pt too wide) in paragraph at lines 142--199
\TU/lmr/m/n/10 \e0\b0\86 \e0\b0\b0\e0\b1\86\e0\b0\82\e0\b0\a1\e
0\b0\a4\e0\b0\b8\e0\b1\8d\e0\b0\a4\e0\b1\81\e0\b0\b2
 []


Overfull \hbox (20.04999pt too wide) in paragraph at lines 142--199
\TU/lmr/m/n/10 \e0\b0\a8\e0\b0\be\e0\b0\b2\e0\b1\81\e0\b0\f1\emda
sh\f0\e0\b1\81
 []


Overfull \hbox (5.44pt too wide) in paragraph at lines 142--199
\TU/lmr/m/n/10 \e0\b0\b5\e0\b0\be\e0\b0\f2\u376?\f0\e0\b0\be\e0\b0
\b2 \e0\b0\-
 []


Overfull \hbox (71.61pt too wide) in paragraph at lines 142--199
\TU/lmr/m/n/10 \e0\b0\b5\e0\b0\a8\e0\b0\82\e0\b0\b2\e0\b1\8b \e
0\b0\rquote\e0\b0\f1\bullet
 []


Underfull \hbox (badness 10000) in paragraph at lines 142--199
\TU/lmr/m/n/10 \f0\e0\b0\b5\e0\b0\bf\e0\b0\a7\e0\b0\ae\e0\b1\88\
e0\b0\a8
 []


Overfull \hbox (1.03pt too wide) in paragraph at lines 142--199
\TU/lmr/m/n/10 \e0\b0\b8\e0\b0\82\e0\b0\f2\9a\f0\e0\b0\b2\e0\b0\
a8\e0\b0\82
 []


Overfull \hbox (347.70999pt too wide) in paragraph at lines 142--199
\TU/lmr/m/n/10 \e0\b0\ac\e0\b0\af\e0\b0\b2\e0\b1\81 \e0\b0\a6\e
0\b1\87\e0\b0\b0\e0\b1\81\e0\b0\a4\e0\b1\81\e0\b0\82\e0\b0\
a6\e0\b0\bf.
 []


Overfull \hbox (134.10999pt too wide) in paragraph at lines 142--199
\TU/lmr/m/n/10 \e0\b0\85\e0\b0\82\e0\b0\a6\e0\b0\b0\e0\b0\bf\e0
\b0\b2\e0\b1\8b\e0\b0\a8\e0\b1\82
 []


Overfull \hbox (184.98999pt too wide) in paragraph at lines 142--199
\TU/lmr/m/n/10 \e0\b0\rquote\e0\b0\f1\bullet \f0\e0\b0\b5\e0\b0\bf\e
0\b0\a7\e0\b0\ae\e0\b0\af\e0\b0\bf\e0\b0\a8
 []


Overfull \hbox (29.09pt too wide) in paragraph at lines 142--199
\TU/lmr/m/n/10 \e0\b0\89\e0\b0\a4\e0\b1\8d\e0\b0\b8\e0\b0\be\e0
\b0\b9\e0\b0\82
 []


Overfull \hbox (346.05pt too wide) in paragraph at lines 142--199
\TU/lmr/m/n/10 \e0\b0\a4\e0\b0\b2\e0\b0\af\e0\b1\86\e0\b0\a4\e0
\b1\8d\e0\b0\a4\e0\b1\81\e0\b0\a4\e0\b1\81\e0\b0\82\e0\b0\a
6\e0\b0\bf.
 []


Overfull \hbox (212.8pt too wide) in paragraph at lines 142--199
\TU/lmr/m/n/10 \e0\b0\86\e0\b0\af\e0\b0\a8 \e0\b0\f2\8e\f0\e0\b0\
aa\e0\b1\8d\e0\b0\aa\e0\b1\81\e0\b0\a1\e0\b1\81
 []


Overfull \hbox (79.64001pt too wide) in paragraph at lines 142--199
\TU/lmr/m/n/10 \e0\b0\b5\e0\b0\f2\9a\f0\e0\b1\8d\e0\b0\f2\9a\f0\e0
\b0\bf\e0\b0\a8\e0\b0\be
 []


Underfull \hbox (badness 10000) in paragraph at lines 142--199
\TU/lmr/m/n/10 \e0\b0\85\e0\b0\f1\bullet\f0\e0\b1\8d\e0\b0\f1\bullet\
f0\e0\b0\a1
 []


Overfull \hbox (13.81pt too wide) in paragraph at lines 142--199
\TU/lmr/m/n/10 \e0\b0\aa\e0\b0\be\e0\b0\b0\e0\b1\8d\e0\b0\f2\u376
?\f0\e0\b1\80
 []


Overfull \hbox (64.45999pt too wide) in paragraph at lines 142--199
\TU/lmr/m/n/10 \e0\b0\8f\e0\b0\b0\e0\b1\8d\e0\b0\aa\e0\b0\be\e0
\b0\f2\u376?\f0\e0\b1\81
 []


Overfull \hbox (143.53pt too wide) in paragraph at lines 142--199
\TU/lmr/m/n/10 \e0\b0\f2\9a\f0\e0\b1\87\e0\b0\af\e0\b0\f1\bullet\f0\
e0\b1\81\e0\b0\82\e0\b0\a1\e0\b0\be
 []


Overfull \hbox (30.45pt too wide) in paragraph at lines 142--199
\TU/lmr/m/n/10 \e0\b0\b5\e0\b1\86\e0\b0\b3\e0\b1\8d\e0\b0\b3\e0
\b0\a1\e0\b1\81.
 []


Overfull \hbox (13.81pt too wide) in paragraph at lines 142--199
\TU/lmr/m/n/10 \e0\b0\aa\e0\b0\be\e0\b0\b0\e0\b1\8d\e0\b0\f2\u376
?\f0\e0\b1\80
 []


Overfull \hbox (112.7pt too wide) in paragraph at lines 142--199
\TU/lmr/m/n/10 \e0\b0\85\e0\b0\82\e0\b0\f2\u376?\f0\e0\b1\87 \e0\b
0\-\e0\b0\be\e0\b0\b0\e0\b1\80
 []


Underfull \hbox (badness 10000) in paragraph at lines 142--199
\TU/lmr/m/n/10 \e0\b0\f2\8e\f0\e0\b0\a4\e0\b1\8d\e0\b0\a4\e0\b1\
81\e0\b0\a8
 []


Overfull \hbox (172.26001pt too wide) in paragraph at lines 142--199
\TU/lmr/m/n/10 \e0\b0\8f\e0\b0\b0\e0\b1\8d\e0\b0\aa\e0\b0\be\e0
\b0\f2\u376?\f0\e0\b1\8d\e0\b0\b2\e0\b1\81
 []


Overfull \hbox (81.83002pt too wide) in paragraph at lines 142--199
\TU/lmr/m/n/10 \e0\b0\8f\e0\b0\ae\e0\b1\80 \e0\b0\89\e0\b0\82\e
0\b0\a1\e0\b0\b5\e0\b1\81.
 []


Overfull \hbox (439.22pt too wide) in paragraph at lines 142--199
\TU/lmr/m/n/10 \e0\b0\85\e0\b0\82\e0\b0\a6\e0\b0\b0\e0\b1\82 \e
0\b0\87\e0\b0\82\e0\b0\f2\u376?\f0\e0\b0\bf\e0\b0\ae\e0\b1\81\
e0\b0\82\e0\b0\a6\e0\b1\81
 []


Underfull \hbox (badness 10000) in paragraph at lines 142--199
\TU/lmr/m/n/10 \e0\b0\86\e0\b0\b5\e0\b0\b0\e0\b0\a3\e0\b0\b2\e0
\b1\8b
 []


Overfull \hbox (350.49pt too wide) in paragraph at lines 142--199
\TU/lmr/m/n/10 \e0\b0\b8\e0\b0\ae\e0\b0\be\e0\b0\b5\e0\b1\87\e0
\b0\b6\e0\b0\ae\e0\b0\b5\e0\b1\81\e0\b0\a4\e0\b0\be\e0\b0\b
0\e0\b1\81.
 []


Overfull \hbox (402.48001pt too wide) in paragraph at lines 142--199
\TU/lmr/m/n/10 \e0\b0\f2\8e\f0\e0\b0\b5\e0\b0\b0\e0\b0\bf \e0\b0\
87\e0\b0\b3\e0\b1\8d\e0\b0\b3\e0\b0\b2\e0\b1\8b\e0\b0\82\e0
\b0\f2\9a\f0\e0\b0\bf
 []


Overfull \hbox (386.75pt too wide) in paragraph at lines 142--199
\TU/lmr/m/n/10 \e0\b0\f2\8e\f0\e0\b0\b5\e0\b0\b0\e0\b0\bf \e0\b0\
f1\bullet\f0\e0\b1\81\e0\b0\b0\e0\b1\8d\e0\b0\f2\9a\f0\e0\b1\80\
e0\b0\b2\e0\b1\81
 []


Underfull \hbox (badness 10000) in paragraph at lines 142--199
\TU/lmr/m/n/10 \e0\b0\b5\e0\b0\be\e0\b0\b3\e0\b1\8d\e0\b0\b3\e0
\b1\81
 []


Overfull \hbox (478.86pt too wide) in paragraph at lines 142--199
\TU/lmr/m/n/10 \e0\b0\a4\e0\b1\86\e0\b0\f2\9a\f0\e0\b1\8d\e0\b0\f
2\9a\f0\e0\b1\81\e0\b0\f1\bullet\f0\e0\b1\81\e0\b0\82\e0\b0\f2\u3
76?\f0\e0\b0\be\e0\b0\b0\e0\b1\81.
 []


Underfull \hbox (badness 10000) in paragraph at lines 142--199
\TU/lmr/m/n/10 \e0\b0\f2\9a\f0\e0\b0\bf\e0\b0\a8\e0\b1\8d\e0\b0\
a8\e0\b0\be
 []


Underfull \hbox (badness 10000) in paragraph at lines 142--199
\TU/lmr/m/n/10 \e0\b0\aa\e0\b1\86\e0\b0\a6\e0\b1\8d\e0\b0\a6\e0
\b0\be
 []


Overfull \hbox (325.21pt too wide) in paragraph at lines 142--199
\TU/lmr/m/n/10 \e0\b0\85\e0\b0\82\e0\b0\a6\e0\b0\b0\e0\b1\82 \e
0\b0\f2\9a\f0\e0\b1\87\e0\b0\b0\e0\b0\a4\e0\b0\be\e0\b0\b0\e0
\b1\81.
 []


Overfull \hbox (526.26001pt too wide) in paragraph at lines 142--199
\TU/lmr/m/n/10 \e0\b0\b5\e0\b1\86\e0\b0\82\e0\b0\f1\bullet\f0\e0\b
0\f2\u376?\f0\e0\b1\8d\e0\b0\b0\e0\b0\be\e0\b0\b5\e0\b1\81\e0\
b0\f1\emdash\f0\e0\b0\be\e0\b0\b0\e0\b1\81
 []


Overfull \hbox (16.29pt too wide) in paragraph at lines 142--199
\TU/lmr/m/n/10 \e0\b0\b8\e0\b1\8d\e0\b0\b5\e0\b1\80\e0\b0\f2\u376
?\f0\e0\b1\8d,
 []


Overfull \hbox (552.82198pt too wide) in paragraph at lines 142--199
\TU/lmr/m/n/10 \e0\b0\b9\e0\b0\be\e0\b0\f2\u376?\f0\e0\b1\8d, \e0\
b0\a4\e0\b1\86\e0\b0\aa\e0\b1\8d\e0\b0\aa\e0\b0\bf\e0\b0\b8\
e0\b1\8d\e0\b0\a4\e0\b0\be\e0\b0\b0\e0\b1\81
 []


Overfull \hbox (71.34001pt too wide) in paragraph at lines 142--199
\TU/lmr/m/n/10 - \e0\b0\f2\u376?\f0\e0\b1\80 \e0\b0\a4\e0\b0\af\e0\
b0\be\e0\b0\b0\e0\b1\81
 []


Overfull \hbox (215.76997pt too wide) in paragraph at lines 142--199
\TU/lmr/m/n/10 \e0\b0\f2\9a\f0\e0\b1\87\e0\b0\af\e0\b0\bf\e0\b0\
b8\e0\b1\8d\e0\b0\a4\e0\b0\be\e0\b0\b0\e0\b1\81..
 []

[1

]
Overfull \hbox (118.27998pt too wide) in paragraph at lines 202--213
[]\TU/lmr/m/n/10 \par \c2\~\c2\~ \c2\~\e0\b0\f2\u376?\f0\e0\b0\bf\e0\
b0\ab\e0\b0\bf\e0\b0\a8\e0\b1\8d
 []


Overfull \hbox (123.53001pt too wide) in paragraph at lines 202--213
\TU/lmr/m/n/10 \e0\b0\aa\e0\b1\8d\e0\b0\b2\e0\b1\87\e0\b0\f2\u376
?\f0\e0\b1\8d\e0\b0\b8\e0\b1\8d,
 []


Overfull \hbox (84.90999pt too wide) in paragraph at lines 202--213
\TU/lmr/m/n/10 \e0\b0\b8\e0\b1\8d\e0\b0\aa\e0\b1\82\e0\b0\a8\e0
\b1\8d\e0\b0\b8\e0\b1\8d,
 []


Underfull \hbox (badness 10000) in paragraph at lines 202--213
\TU/lmr/m/n/10 - \e0\b0\b5\e0\b0\f1\emdash\f0\e0\b1\88\e0\b0\b0\e0\
b0\be
 []


Overfull \hbox (174.09001pt too wide) in paragraph at lines 202--213
\TU/lmr/m/n/10 \e0\b0\f1\bullet\f0\e0\b1\82\e0\b0\a1\e0\b0\be \e0\
b0\85\e0\b0\82\e0\b0\a6\e0\b0\b0\e0\b0\bf
 []


Overfull \hbox (162.73001pt too wide) in paragraph at lines 202--213
\TU/lmr/m/n/10 \e0\b0\87\e0\b0\b3\e0\b1\8d\e0\b0\b3\e0\b0\b2\e0
\b1\8b\e0\b0\82\e0\b0\f2\9a\f0\e0\b1\80
 []


Overfull \hbox (29.62999pt too wide) in paragraph at lines 202--213
\TU/lmr/m/n/10 \e0\b0\b5\e0\b0\b8\e0\b1\8d\e0\b0\a4\e0\b0\be\e0
\b0\af\e0\b0\bf.. 
 []


Overfull \hbox (67.45pt too wide) in paragraph at lines 216--238
[]\TU/lmr/m/n/10 \par \c2\~\c2\~ \c2\~\e0\b0\86\e0\b0\b0\e0\b1\8b\
e0\b0\f2\u339?\f0\e0\b1\82
 []


Overfull \hbox (236.69pt too wide) in paragraph at lines 216--238
\TU/lmr/m/n/10 \e0\b0\85\e0\b0\82\e0\b0\a6\e0\b0\b0\e0\b1\82 \e
0\b0\85\e0\b0\b2\e0\b0\be\e0\b0\f1\emdash\f0\e0\b1\87
 []


Overfull \hbox (349.39003pt too wide) in paragraph at lines 216--238
\TU/lmr/m/n/10 \e0\b0\b8\e0\b0\ae\e0\b0\be\e0\b0\b5\e0\b1\87\e0
\b0\b6\e0\b0\ae\e0\b0\af\e0\b1\8d\e0\b0\af\e0\b0\be\e0\b0\b
0\e0\b1\81..
 []


Overfull \hbox (267.28003pt too wide) in paragraph at lines 216--238
\TU/lmr/m/n/10 \e0\b0\f2\9a\f0\e0\b0\bf\e0\b0\b0\e0\b1\81\e0\b0\
a8\e0\b0\b5\e0\b1\8d\e0\b0\b5\e0\b1\81\e0\b0\b2\e0\b1\81
 []


Overfull \hbox (158.29001pt too wide) in paragraph at lines 216--238
\TU/lmr/m/n/10 \e0\b0\f2\9a\f0\e0\b0\bf\e0\b0\82\e0\b0\a6\e0\b0\
bf\e0\b0\b8\e0\b1\8d\e0\b0\a4\e0\b1\82
 []


Overfull \hbox (252.27002pt too wide) in paragraph at lines 216--238
\TU/lmr/m/n/10 \e0\b0\f1\bullet\f0\e0\b1\82\e0\b0\f2\9a\f0\e0\b1\81\
e0\b0\a8\e0\b1\8d\e0\b0\a8\e0\b0\be\e0\b0\b0\e0\b1\81
 []


Overfull \hbox (530.87001pt too wide) in paragraph at lines 216--238
\TU/lmr/m/n/10 \e0\b0\b5\e0\b1\86\e0\b0\82\e0\b0\f1\bullet\f0\e0\b
0\f2\u376?\f0\e0\b1\8d\e0\b0\b0\e0\b0\be\e0\b0\b5\e0\b1\81\e0\
b0\f1\emdash\f0\e0\b0\be\e0\b0\b0\e0\b1\81..
 []


Overfull \hbox (81.68001pt too wide) in paragraph at lines 216--238
\TU/lmr/m/n/10 \e0\b0\86\e0\b0\af\e0\b0\a8 \e0\b0\a8\e0\b0\b5\e
0\b1\8d\e0\b0\b5\e0\b1\81
 []


Overfull \hbox (317.21002pt too wide) in paragraph at lines 216--238
\TU/lmr/m/n/10 \e0\b0\f2\9a\f0\e0\b0\be\e0\b0\b2\e0\b0\be \e0\b0\
a4\e0\b0\ae\e0\b0\be\e0\b0\b7\e0\b0\be\e0\b0\f1\emdash\f0\e0\b
0\be
 []


Overfull \hbox (68.23pt too wide) in paragraph at lines 216--238
\TU/lmr/m/n/10 \e0\b0\89\e0\b0\82\e0\b0\f2\u376?\f0\e0\b1\81\e0\b0
\82\e0\b0\a6\e0\b0\bf..
 []


Underfull \hbox (badness 10000) in paragraph at lines 216--238
\TU/lmr/m/n/10 \e0\b0\f2\8e\f0\e0\b0\b5\e0\b0\b0\e0\b0\bf\e0\b0\
a8\e0\b1\8b
 []


Overfull \hbox (370.57pt too wide) in paragraph at lines 216--238
\TU/lmr/m/n/10 \e0\b0\b5\e0\b1\86\e0\b0\f1\bullet\f0\e0\b1\8d\e0\b
0\f1\bullet\f0\e0\b0\bf\e0\b0\b0\e0\b0\bf\e0\b0\b8\e0\b1\8d\e0\
b0\a4\e0\b1\82
 []


Overfull \hbox (29.72pt too wide) in paragraph at lines 216--238
\TU/lmr/m/n/10 \e0\b0\a4\e0\b0\a8\e0\b0\b2\e0\b1\8b \e0\b0\a4\e
0\b0\a8\e0\b1\81
 []


Overfull \hbox (858.97998pt too wide) in paragraph at lines 216--238
\TU/lmr/m/n/10 \e0\b0\a8\e0\b0\b5\e0\b1\8d\e0\b0\b5\e0\b1\81\e0
\b0\f1\bullet\f0\e0\b1\f2\8a\f0\e0\b0\82\e0\b0\f2\u376?\f0\e0\b1\81
\e0\b0\a8\e0\b1\8d\e0\b0\a8\e0\b0\f2\u376?\f0\e0\b1\8d\e0\b0\b
2\e0\b1\81\e0\b0\f1\emdash\f0\e0\b0\be
 []


Overfull \hbox (96.56999pt too wide) in paragraph at lines 216--238
\TU/lmr/m/n/10 \e0\b0\89\e0\b0\82\e0\b0\f2\u376?\f0\e0\b1\81\e0\b0
\82\e0\b0\a6\e0\b0\bf..\c2\~
 []

[2]
Overfull \hbox (159.76pt too wide) in paragraph at lines 241--270
[]\TU/lmr/m/n/10 \par \c2\~\c2\~ \c2\~\e0\b0\f2\8e\f0\e0\b0\a1\e0\b0
\82\e0\b0\b5\e0\b1\88\e0\b0\aa\e0\b1\81
 []


Overfull \hbox (14.9pt too wide) in paragraph at lines 241--270
\TU/lmr/m/n/10 \e0\b0\b5\e0\b0\be\e0\b0\f2\u376?\f0\e0\b0\be\e0\b0
\b2\e0\b1\8b
 []


Overfull \hbox (336.34001pt too wide) in paragraph at lines 241--270
\TU/lmr/m/n/10 \e0\b0\89\e0\b0\a8\e0\b1\8d\e0\b0\a8 \e0\b0\b0\e
0\b0\bf\e0\b0\f2\u376?\f0\e0\b1\88\e0\b0\b0\e0\b1\8d\e0\b0\a1\
e0\b1\8d
 []


Overfull \hbox (449.84998pt too wide) in paragraph at lines 241--270
\TU/lmr/m/n/10 \e0\b0\a4\e0\b0\b9\e0\b0\b8\e0\b1\80\e0\b0\b2\e0
\b1\8d\e0\b0\a6\e0\b0\be\e0\b0\b0\e0\b1\81\e0\b0\f1\emdash\f0\
e0\b0\be\e0\b0\b0\e0\b1\81
 []


Overfull \hbox (525.88pt too wide) in paragraph at lines 241--270
\TU/lmr/m/n/10 \e0\b0\b5\e0\b1\86\e0\b0\82\e0\b0\f1\bullet\f0\e0\b
0\f2\u376?\f0\e0\b1\8d\e0\b0\b0\e0\b0\be\e0\b0\b5\e0\b1\81\e0\
b0\f1\emdash\f0\e0\b0\be\e0\b0\b0\e0\b0\bf
 []


Overfull \hbox (183.28003pt too wide) in paragraph at lines 241--270
\TU/lmr/m/n/10 \e0\b0\aa\e0\b0\f1\bullet\f0\e0\b1\8d\e0\b0\f1\bullet\
f0\e0\b0\f2\9a\f0\e0\b1\87\e0\b0\b0\e0\b0\bf
 []


Overfull \hbox (296.49998pt too wide) in paragraph at lines 241--270
\TU/lmr/m/n/10 \e0\b0\88 \e0\b0\ae\e0\b0\a7\e0\b1\8d\e0\b0\af \
e0\b0\f2\8e\f0\e0\b0\f1\bullet\f0\e0\b1\8d\e0\b0\f1\bullet\f0\e0\b0
\a1
 []


Underfull \hbox (badness 10000) in paragraph at lines 241--270
\TU/lmr/m/n/10 \e0\b0\f2\9a\f0\e0\b1\82\e0\b0\b8\e0\b0\bf\e0\b0\
a8\e0\b0\be
 []


Overfull \hbox (360.51997pt too wide) in paragraph at lines 241--270
\TU/lmr/m/n/10 \e0\b0\87\e0\b0\a8\e0\b1\8d \e0\b0\f1\bullet\f0\e0\
b0\82\e0\b0\f2\u376?\f0\e0\b1\87\e0\b0\f1\bullet\f0\e0\b1\8d\e0\b0
\b8\e0\b1\8d
 []


Overfull \hbox (137.98pt too wide) in paragraph at lines 241--270
\TU/lmr/m/n/10 \e0\b0\b5\e0\b0\be\e0\b0\b3\e0\b1\8d\e0\b0\b3 \e
0\b0\b0\e0\b1\86\e0\b0\af\e0\b1\8d
 []


Overfull \hbox (447.80998pt too wide) in paragraph at lines 241--270
\TU/lmr/m/n/10 \e0\b0\a1\e0\b1\8d\e0\b0\b8\e0\b1\8d \e0\b0\f2\8e
\f0\e0\b0\f1\bullet\f0\e0\b1\8d\e0\b0\f1\bullet\f0\e0\b1\81\e0\b0\
b5\e0\b0\f1\emdash\f0\e0\b0\be
 []


Overfull \hbox (25.73pt too wide) in paragraph at lines 241--270
\TU/lmr/m/n/10 \e0\b0\89\e0\b0\a8\e0\b1\8d\e0\b0\a8\e0\b0\be\e0
\b0\af\e0\b0\bf.
 []


Overfull \hbox (319.40997pt too wide) in paragraph at lines 241--270
\TU/lmr/m/n/10 \e0\b0\ae\e0\b1\82\e0\b0\b2\e0\b0\ae\e0\b1\82\e0
\b0\b2\e0\b0\b2\e0\b0\a6\e0\b0\be\e0\b0\f2\9a\f0\e0\b0\bf\e0\
b0\a8
 []


Overfull \hbox (188.79999pt too wide) in paragraph at lines 241--270
\TU/lmr/m/n/10 \e0\b0\a8\e0\b0\b2\e0\b1\8d\e0\b0\b2\e0\b0\a7\e0
\b0\a8\e0\b0\ae\e0\b0\82\e0\b0\a4\e0\b0\be
 []


Overfull \hbox (556.21002pt too wide) in paragraph at lines 241--270
\TU/lmr/m/n/10 \e0\b0\ac\e0\b0\af\e0\b0\f2\u376? \f0\e0\b0\aa\e0\b
0\a1\e0\b1\87\e0\b0\b8\e0\b1\8d\e0\b0\a4\e0\b1\81\e0\b0\a8\
e0\b1\8d\e0\b0\a8\e0\b0\be\e0\b0\b0\e0\b1\81..
 []


Overfull \hbox (27.22pt too wide) in paragraph at lines 241--270
\TU/lmr/m/n/10 \e0\b0\85\e0\b0\a8\e0\b1\8d\e0\b0\a8\e0\b0\be\e0
\b0\a1\e0\b1\81
 []


Underfull \hbox (badness 10000) in paragraph at lines 241--270
\TU/lmr/m/n/10 \e0\b0\85\e0\b0\a6\e0\b1\8b\e0\b0\b2\e0\b0\be \e
0\b0\-
 []


Overfull \hbox (11.05pt too wide) in paragraph at lines 241--270
\TU/lmr/m/n/10 \e0\b0\be\e0\b0\b5\e0\b0\f1\emdash\f0\e0\b0\b0\e0\b
1\8d\e0\b0\-
 []


Underfull \hbox (badness 10000) in paragraph at lines 241--270
\TU/lmr/m/n/10 \e0\b0\bf\e0\b0\a4\e0\b0\82\e0\b0\f1\emdash\f0\e0\b
0\be
 []


Overfull \hbox (32.67pt too wide) in paragraph at lines 241--270
\TU/lmr/m/n/10 \e0\b0\a8\e0\b0\b5\e0\b1\8d\e0\b0\b5\e0\b1\81\e0
\b0\a4\e0\b1\82..
 []

! Text line contains an invalid character.
l.275 \textbackslash{}par \} ^^@
                                 
Here is how much of TeX's memory you used:
 23563 strings out of 427834
 433084 string characters out of 3152461
 641180 words of memory out of 3000000
 27428 multiletter control sequences out of 15000+200000
 530794 words of font info for 29 fonts, out of 3000000 for 9000
 1328 hyphenation exceptions out of 8191
 51i,4n,117p,10430b,335s stack positions out of 5000i,500n,10000p,200000b,50000s

Output written on E:\R\Projects\Novels\tex2pdf.10160\input.pdf (2 pages).
